02:27:20 **** Incremental Build of configuration Debug for project MC1_HMI_ECU ****
make all 
Building file: ../APP/app.c
Invoking: AVR Compiler
avr-gcc -Wall -g2 -gstabs -O0 -fpack-struct -fshort-enums -ffunction-sections -fdata-sections -std=gnu99 -funsigned-char -funsigned-bitfields -mmcu=atmega32 -DF_CPU=8000000UL -MMD -MP -MF"APP/app.d" -MT"APP/app.o" -c -o "APP/app.o" "../APP/app.c"
In file included from ../APP/app.c:15:
c:/winavr-20100110/lib/gcc/../../avr/include/avr/delay.h:36:2: warning: #warning "This file has been moved to <util/delay.h>."
In file included from c:/winavr-20100110/lib/gcc/../../avr/include/avr/delay.h:37,
                 from ../APP/app.c:15:
c:/winavr-20100110/lib/gcc/../../avr/include/util/delay.h:90:3: warning: #warning "Compiler optimizations disabled; functions from <util/delay.h> won't work as designed"
Finished building: ../APP/app.c
 
Building target: MC1_HMI_ECU.elf
Invoking: AVR C Linker
avr-gcc -Wl,-Map,MC1_HMI_ECU.map -mmcu=atmega32 -o "MC1_HMI_ECU.elf"  ./MCAL/UART/uart.o  ./MCAL/TIMER/timer.o  ./MCAL/GPIO/gpio.o  ./HAL/LCD/lcd.o  ./HAL/KEYPAD/keypad.o  ./APP/app.o  ./MC1_HMI_ECU.o   
Finished building target: MC1_HMI_ECU.elf
 
Invoking: AVR Create Extended Listing
avr-objdump -h -S MC1_HMI_ECU.elf  >"MC1_HMI_ECU.lss"
Finished building: MC1_HMI_ECU.lss
 
Create Flash image (ihex format)
avr-objcopy -R .eeprom -R .fuse -R .lock -R .signature -O ihex MC1_HMI_ECU.elf  "MC1_HMI_ECU.hex"
Finished building: MC1_HMI_ECU.hex
 
Invoking: Print Size
avr-size --format=avr --mcu=atmega32 MC1_HMI_ECU.elf
AVR Memory Usage
----------------
Device: atmega32

Program:   14878 bytes (45.4% Full)
(.text + .data + .bootloader)

Data:        279 bytes (13.6% Full)
(.data + .bss + .noinit)


Finished building: sizedummy
 

02:27:21 Build Finished. 0 errors, 2 warnings. (took 550ms)

